<?xml version="1.0" encoding="UTF-8"?>
<testsuites name="Demo" time="113.26" tests="5" failures="1" skips="0" errors="0">
   <testsuite name="Demo" tests="5" failures="1" errors="0" time="113.26" skips="0" timestamp="2020-12-18 02:47:45" hostname="young - 10.0.0.57" id="Test Suites/Demo">
      <properties>
         <property name="deviceName" value=""/>
         <property name="devicePlatform" value=""/>
         <property name="logFolder" value="C:\\Users\\young\\Desktop\\Master of Software Engineering\\SEIS635_SoftwareAnalysisandDesign\\KatalonStudio_Project\\Google_CreateNewAccount\\Reports\\20201218_024739\\Demo\\20201218_024740"/>
         <property name="logFiles" value="C:\\Users\\young\\Desktop\\Master of Software Engineering\\SEIS635_SoftwareAnalysisandDesign\\KatalonStudio_Project\\Google_CreateNewAccount\\Reports\\20201218_024739\\Demo\\20201218_024740\\execution0.log"/>
         <property name="attachments" value="C:\\Users\\young\\Desktop\\Master of Software Engineering\\SEIS635_SoftwareAnalysisandDesign\\KatalonStudio_Project\\Google_CreateNewAccount\\Reports\\20201218_024739\\Demo\\20201218_024740\\Screenshots/screenshotAfterLogin18Dec2020_024803.png, C:\\Users\\young\\Desktop\\Master of Software Engineering\\SEIS635_SoftwareAnalysisandDesign\\KatalonStudio_Project\\Google_CreateNewAccount\\Reports\\20201218_024739\\Demo\\20201218_024740\\1608281373547.png"/>
         <property name="hostName" value="young - 10.0.0.57"/>
         <property name="os" value="Windows 10 64bit"/>
         <property name="katalonVersion" value="7.8.1.208"/>
         <property name="browser" value="Chrome 87.0.4280.88"/>
         <property name="hostAddress" value="10.0.0.57"/>
         <property name="sessionId" value="05405022fc0a04d105b0bd76a33366e8"/>
         <property name="seleniumVersion" value="3.141.59"/>
         <property name="proxyInformation" value="ProxyInformation { proxyOption=NO_PROXY, proxyServerType=HTTP, username=, password=********, proxyServerAddress=, proxyServerPort=0, executionList=&quot;&quot;, isApplyToDesiredCapabilities=true }"/>
         <property name="platform" value="Windows 10"/>
      </properties>
      <testcase name="Test Cases/Login_ValidUserNameInvalidPassword" time="9.416" classname="Test Cases/Login_ValidUserNameInvalidPassword" status="PASSED">
         <system-out><![CDATA[2020-12-18 02:47:47 - [TEST_CASE][PASSED] - Test Cases/Login_ValidUserNameInvalidPassword: Test Cases/Login_ValidUserNameInvalidPassword

2020-12-18 02:47:47 - [TEST_STEP][PASSED] - openBrowser(""): Browser is opened with url: ''

2020-12-18 02:47:48 - [MESSAGE][INFO] - Starting 'Chrome' driver

2020-12-18 02:47:48 - [MESSAGE][INFO] - Action delay is set to 0 milliseconds

2020-12-18 02:47:52 - [MESSAGE][PASSED] - Browser is opened with url: ''

2020-12-18 02:47:52 - [TEST_STEP][PASSED] - navigateToUrl("https://www.saucedemo.com/"): Navigate to 'https://www.saucedemo.com/' successfully

2020-12-18 02:47:53 - [MESSAGE][PASSED] - Navigate to 'https://www.saucedemo.com/' successfully

2020-12-18 02:47:53 - [TEST_STEP][PASSED] - setText(findTestObject("LoginPage/input_UserName"), "standard_user"): Text 'standard_user' is set on object 'Object Repository/LoginPage/input_UserName'

2020-12-18 02:47:54 - [MESSAGE][PASSED] - Text 'standard_user' is set on object 'Object Repository/LoginPage/input_UserName'

2020-12-18 02:47:54 - [TEST_STEP][PASSED] - setEncryptedText(findTestObject("LoginPage/input_Password"), "vOA0cDqQbrFcFaFUEJlNrQ=="): Text ****** has been set on object 'Object Repository/LoginPage/input_Password'

2020-12-18 02:47:54 - [MESSAGE][PASSED] - Text ****** has been set on object 'Object Repository/LoginPage/input_Password'

2020-12-18 02:47:54 - [TEST_STEP][PASSED] - click(findTestObject("LoginPage/button_Login")): Object: 'Object Repository/LoginPage/button_Login' is clicked on

2020-12-18 02:47:55 - [MESSAGE][PASSED] - Object: 'Object Repository/LoginPage/button_Login' is clicked on

2020-12-18 02:47:55 - [TEST_STEP][PASSED] - click(findTestObject("LoginPage/message_UseNameAndPasswordDoNotMatch")): Object: 'Object Repository/LoginPage/message_UseNameAndPasswordDoNotMatch' is clicked on

2020-12-18 02:47:55 - [MESSAGE][PASSED] - Object: 'Object Repository/LoginPage/message_UseNameAndPasswordDoNotMatch' is clicked on

2020-12-18 02:47:55 - [TEST_STEP][PASSED] - closeBrowser(): Browser is closed

2020-12-18 02:47:56 - [MESSAGE][PASSED] - Browser is closed]]></system-out>
         <system-err><![CDATA[]]></system-err>
      </testcase>
      <testcase name="Test Cases/Login_ValidUserNameValidPassword" time="18.096" classname="Test Cases/Login_ValidUserNameValidPassword" status="PASSED">
         <system-out><![CDATA[2020-12-18 02:47:56 - [TEST_CASE][PASSED] - Test Cases/Login_ValidUserNameValidPassword: Test Cases/Login_ValidUserNameValidPassword

2020-12-18 02:47:56 - [TEST_STEP][PASSED] - openBrowser(""): Browser is opened with url: ''

2020-12-18 02:47:56 - [MESSAGE][INFO] - Starting 'Chrome' driver

2020-12-18 02:47:56 - [MESSAGE][INFO] - Action delay is set to 0 milliseconds

2020-12-18 02:48:00 - [MESSAGE][PASSED] - Browser is opened with url: ''

2020-12-18 02:48:00 - [TEST_STEP][PASSED] - navigateToUrl("https://www.saucedemo.com/"): Navigate to 'https://www.saucedemo.com/' successfully

2020-12-18 02:48:01 - [MESSAGE][PASSED] - Navigate to 'https://www.saucedemo.com/' successfully

2020-12-18 02:48:01 - [TEST_STEP][PASSED] - setText(findTestObject("LoginPage/input_UserName"), "standard_user"): Text 'standard_user' is set on object 'Object Repository/LoginPage/input_UserName'

2020-12-18 02:48:02 - [MESSAGE][PASSED] - Text 'standard_user' is set on object 'Object Repository/LoginPage/input_UserName'

2020-12-18 02:48:02 - [TEST_STEP][PASSED] - setEncryptedText(findTestObject("LoginPage/input_Password"), "qcu24s4901FyWDTwXGr6XA=="): Text ****** has been set on object 'Object Repository/LoginPage/input_Password'

2020-12-18 02:48:02 - [MESSAGE][PASSED] - Text ****** has been set on object 'Object Repository/LoginPage/input_Password'

2020-12-18 02:48:02 - [TEST_STEP][PASSED] - click(findTestObject("LoginPage/button_Login")): Object: 'Object Repository/LoginPage/button_Login' is clicked on

2020-12-18 02:48:03 - [MESSAGE][PASSED] - Object: 'Object Repository/LoginPage/button_Login' is clicked on

2020-12-18 02:48:03 - [TEST_STEP][PASSED] - today = new java.util.Date(): null

2020-12-18 02:48:03 - [TEST_STEP][PASSED] - todaysDate = today.format("ddMMMyyyy"): null

2020-12-18 02:48:03 - [TEST_STEP][PASSED] - nowTime = today.format("HHmmss"): null

2020-12-18 02:48:03 - [TEST_STEP][PASSED] - takeFullPageScreenshot("Screenshots/screenshotAfterLogin" + todaysDate + "_" + nowTime + ".png"): Taking screenshot successfully

2020-12-18 02:48:14 - [MESSAGE][PASSED] - Taking screenshot successfully
[[ATTACHMENT|C:\\Users\\young\\Desktop\\Master of Software Engineering\\SEIS635_SoftwareAnalysisandDesign\\KatalonStudio_Project\\Google_CreateNewAccount\\Reports\\20201218_024739\\Demo\\20201218_024740\\Screenshots/screenshotAfterLogin18Dec2020_024803.png]]

2020-12-18 02:48:14 - [TEST_STEP][PASSED] - closeBrowser(): Browser is closed

2020-12-18 02:48:14 - [MESSAGE][PASSED] - Browser is closed]]></system-out>
         <system-err><![CDATA[]]></system-err>
      </testcase>
      <testcase name="Test Cases/PlaceOrder_DifferentZipCode" time="17.1" classname="Test Cases/PlaceOrder_DifferentZipCode" status="PASSED">
         <system-out><![CDATA[2020-12-18 02:48:14 - [TEST_CASE][PASSED] - Test Cases/PlaceOrder_DifferentZipCode: Test Cases/PlaceOrder_DifferentZipCode

2020-12-18 02:48:15 - [TEST_STEP][PASSED] - openBrowser(""): Browser is opened with url: ''

2020-12-18 02:48:15 - [MESSAGE][INFO] - Starting 'Chrome' driver

2020-12-18 02:48:15 - [MESSAGE][INFO] - Action delay is set to 0 milliseconds

2020-12-18 02:48:18 - [MESSAGE][PASSED] - Browser is opened with url: ''

2020-12-18 02:48:18 - [TEST_STEP][PASSED] - navigateToUrl("https://www.saucedemo.com/"): Navigate to 'https://www.saucedemo.com/' successfully

2020-12-18 02:48:19 - [MESSAGE][PASSED] - Navigate to 'https://www.saucedemo.com/' successfully

2020-12-18 02:48:19 - [TEST_STEP][PASSED] - setText(findTestObject("LoginPage/input_UserName"), "standard_user"): Text 'standard_user' is set on object 'Object Repository/LoginPage/input_UserName'

2020-12-18 02:48:20 - [MESSAGE][PASSED] - Text 'standard_user' is set on object 'Object Repository/LoginPage/input_UserName'

2020-12-18 02:48:20 - [TEST_STEP][PASSED] - setEncryptedText(findTestObject("LoginPage/input_Password"), "qcu24s4901FyWDTwXGr6XA=="): Text ****** has been set on object 'Object Repository/LoginPage/input_Password'

2020-12-18 02:48:21 - [MESSAGE][PASSED] - Text ****** has been set on object 'Object Repository/LoginPage/input_Password'

2020-12-18 02:48:21 - [TEST_STEP][PASSED] - click(findTestObject("LoginPage/button_Login")): Object: 'Object Repository/LoginPage/button_Login' is clicked on

2020-12-18 02:48:21 - [MESSAGE][PASSED] - Object: 'Object Repository/LoginPage/button_Login' is clicked on

2020-12-18 02:48:21 - [TEST_STEP][PASSED] - click(findTestObject("ProductCatalogPage/button_AddToOrder_SauceabsBackpack")): Object: 'Object Repository/ProductCatalogPage/button_AddToOrder_SauceabsBackpack' is clicked on

2020-12-18 02:48:22 - [MESSAGE][PASSED] - Object: 'Object Repository/ProductCatalogPage/button_AddToOrder_SauceabsBackpack' is clicked on

2020-12-18 02:48:22 - [TEST_STEP][PASSED] - click(findTestObject("ProductCatalogPage/link_GoToCart")): Object: 'Object Repository/ProductCatalogPage/link_GoToCart' is clicked on

2020-12-18 02:48:25 - [MESSAGE][PASSED] - Object: 'Object Repository/ProductCatalogPage/link_GoToCart' is clicked on

2020-12-18 02:48:25 - [TEST_STEP][PASSED] - click(findTestObject("YourCartPage/button_CheckOut")): Object: 'Object Repository/YourCartPage/button_CheckOut' is clicked on

2020-12-18 02:48:26 - [MESSAGE][PASSED] - Object: 'Object Repository/YourCartPage/button_CheckOut' is clicked on

2020-12-18 02:48:26 - [TEST_STEP][PASSED] - setText(findTestObject("YourInformationPage/input_FirstName"), firstName): Text 'UI' is set on object 'Object Repository/YourInformationPage/input_FirstName'

2020-12-18 02:48:26 - [MESSAGE][PASSED] - Text 'UI' is set on object 'Object Repository/YourInformationPage/input_FirstName'

2020-12-18 02:48:26 - [TEST_STEP][PASSED] - setText(findTestObject("YourInformationPage/input_LastName"), lastName): Text 'Tester1' is set on object 'Object Repository/YourInformationPage/input_LastName'

2020-12-18 02:48:27 - [MESSAGE][PASSED] - Text 'Tester1' is set on object 'Object Repository/YourInformationPage/input_LastName'

2020-12-18 02:48:27 - [TEST_STEP][PASSED] - setText(findTestObject("YourInformationPage/input_ZipCode"), zip): Text '96785' is set on object 'Object Repository/YourInformationPage/input_ZipCode'

2020-12-18 02:48:28 - [MESSAGE][PASSED] - Text '96785' is set on object 'Object Repository/YourInformationPage/input_ZipCode'

2020-12-18 02:48:28 - [TEST_STEP][PASSED] - click(findTestObject("YourInformationPage/button_Continue")): Object: 'Object Repository/YourInformationPage/button_Continue' is clicked on

2020-12-18 02:48:28 - [MESSAGE][PASSED] - Object: 'Object Repository/YourInformationPage/button_Continue' is clicked on

2020-12-18 02:48:28 - [TEST_STEP][PASSED] - paymentInfo = getText(findTestObject("CheckoutPage/text_PaymentInfo")): Text of object 'Object Repository/CheckoutPage/text_PaymentInfo' is: 'SauceCard #31337'

2020-12-18 02:48:28 - [MESSAGE][PASSED] - Text of object 'Object Repository/CheckoutPage/text_PaymentInfo' is: 'SauceCard #31337'

2020-12-18 02:48:28 - [TEST_STEP][PASSED] - shippingInfo = getText(findTestObject("CheckoutPage/text_ShippingInfo")): Text of object 'Object Repository/CheckoutPage/text_ShippingInfo' is: 'FREE PONY EXPRESS DELIVERY!'

2020-12-18 02:48:29 - [MESSAGE][PASSED] - Text of object 'Object Repository/CheckoutPage/text_ShippingInfo' is: 'FREE PONY EXPRESS DELIVERY!'

2020-12-18 02:48:29 - [TEST_STEP][PASSED] - itemTotal = getText(findTestObject("CheckoutPage/text_ItemTotal")): Text of object 'Object Repository/CheckoutPage/text_ItemTotal' is: 'Item total: $29.99'

2020-12-18 02:48:29 - [MESSAGE][PASSED] - Text of object 'Object Repository/CheckoutPage/text_ItemTotal' is: 'Item total: $29.99'

2020-12-18 02:48:29 - [TEST_STEP][PASSED] - tax = getText(findTestObject("CheckoutPage/text_Tax")): Text of object 'Object Repository/CheckoutPage/text_Tax' is: 'Tax: $2.40'

2020-12-18 02:48:29 - [MESSAGE][PASSED] - Text of object 'Object Repository/CheckoutPage/text_Tax' is: 'Tax: $2.40'

2020-12-18 02:48:29 - [TEST_STEP][PASSED] - total = getText(findTestObject("CheckoutPage/text_Total")): Text of object 'Object Repository/CheckoutPage/text_Total' is: 'Total: $32.39'

2020-12-18 02:48:30 - [MESSAGE][PASSED] - Text of object 'Object Repository/CheckoutPage/text_Total' is: 'Total: $32.39'

2020-12-18 02:48:30 - [TEST_STEP][PASSED] - click(findTestObject("CheckoutPage/button_Finish")): Object: 'Object Repository/CheckoutPage/button_Finish' is clicked on

2020-12-18 02:48:30 - [MESSAGE][PASSED] - Object: 'Object Repository/CheckoutPage/button_Finish' is clicked on

2020-12-18 02:48:30 - [TEST_STEP][PASSED] - click(findTestObject("FinishPage/text_ThankYouForYourOrder")): Object: 'Object Repository/FinishPage/text_ThankYouForYourOrder' is clicked on

2020-12-18 02:48:31 - [MESSAGE][PASSED] - Object: 'Object Repository/FinishPage/text_ThankYouForYourOrder' is clicked on

2020-12-18 02:48:31 - [TEST_STEP][PASSED] - today = new java.util.Date(): null

2020-12-18 02:48:31 - [TEST_STEP][PASSED] - todaysDate = today.format("yyyMMMdd"): null

2020-12-18 02:48:31 - [TEST_STEP][PASSED] - nowTime = today.format("HH:mms:s"): null

2020-12-18 02:48:31 - [TEST_STEP][PASSED] - output = new java.io.File(output.txt): null

2020-12-18 02:48:31 - [TEST_STEP][PASSED] - output.createNewFile(): null

2020-12-18 02:48:31 - [TEST_STEP][PASSED] - text = text + $testID;$firstName;$lastName;$zip;$paymentInfo;$shippingInfo;$itemTotal;$tax;$total;$todaysDate;$nowTime
: null

2020-12-18 02:48:31 - [TEST_STEP][PASSED] - closeBrowser(): Browser is closed

2020-12-18 02:48:31 - [MESSAGE][PASSED] - Browser is closed]]></system-out>
         <system-err><![CDATA[]]></system-err>
      </testcase>
      <testcase name="Test Cases/PlaceOrder_DifferentZipCode" time="16.759" classname="Test Cases/PlaceOrder_DifferentZipCode" status="PASSED">
         <system-out><![CDATA[2020-12-18 02:48:32 - [TEST_CASE][PASSED] - Test Cases/PlaceOrder_DifferentZipCode: Test Cases/PlaceOrder_DifferentZipCode

2020-12-18 02:48:32 - [TEST_STEP][PASSED] - openBrowser(""): Browser is opened with url: ''

2020-12-18 02:48:32 - [MESSAGE][INFO] - Starting 'Chrome' driver

2020-12-18 02:48:32 - [MESSAGE][INFO] - Action delay is set to 0 milliseconds

2020-12-18 02:48:35 - [MESSAGE][PASSED] - Browser is opened with url: ''

2020-12-18 02:48:35 - [TEST_STEP][PASSED] - navigateToUrl("https://www.saucedemo.com/"): Navigate to 'https://www.saucedemo.com/' successfully

2020-12-18 02:48:36 - [MESSAGE][PASSED] - Navigate to 'https://www.saucedemo.com/' successfully

2020-12-18 02:48:36 - [TEST_STEP][PASSED] - setText(findTestObject("LoginPage/input_UserName"), "standard_user"): Text 'standard_user' is set on object 'Object Repository/LoginPage/input_UserName'

2020-12-18 02:48:37 - [MESSAGE][PASSED] - Text 'standard_user' is set on object 'Object Repository/LoginPage/input_UserName'

2020-12-18 02:48:37 - [TEST_STEP][PASSED] - setEncryptedText(findTestObject("LoginPage/input_Password"), "qcu24s4901FyWDTwXGr6XA=="): Text ****** has been set on object 'Object Repository/LoginPage/input_Password'

2020-12-18 02:48:38 - [MESSAGE][PASSED] - Text ****** has been set on object 'Object Repository/LoginPage/input_Password'

2020-12-18 02:48:38 - [TEST_STEP][PASSED] - click(findTestObject("LoginPage/button_Login")): Object: 'Object Repository/LoginPage/button_Login' is clicked on

2020-12-18 02:48:38 - [MESSAGE][PASSED] - Object: 'Object Repository/LoginPage/button_Login' is clicked on

2020-12-18 02:48:38 - [TEST_STEP][PASSED] - click(findTestObject("ProductCatalogPage/button_AddToOrder_SauceabsBackpack")): Object: 'Object Repository/ProductCatalogPage/button_AddToOrder_SauceabsBackpack' is clicked on

2020-12-18 02:48:39 - [MESSAGE][PASSED] - Object: 'Object Repository/ProductCatalogPage/button_AddToOrder_SauceabsBackpack' is clicked on

2020-12-18 02:48:39 - [TEST_STEP][PASSED] - click(findTestObject("ProductCatalogPage/link_GoToCart")): Object: 'Object Repository/ProductCatalogPage/link_GoToCart' is clicked on

2020-12-18 02:48:42 - [MESSAGE][PASSED] - Object: 'Object Repository/ProductCatalogPage/link_GoToCart' is clicked on

2020-12-18 02:48:42 - [TEST_STEP][PASSED] - click(findTestObject("YourCartPage/button_CheckOut")): Object: 'Object Repository/YourCartPage/button_CheckOut' is clicked on

2020-12-18 02:48:42 - [MESSAGE][PASSED] - Object: 'Object Repository/YourCartPage/button_CheckOut' is clicked on

2020-12-18 02:48:42 - [TEST_STEP][PASSED] - setText(findTestObject("YourInformationPage/input_FirstName"), firstName): Text 'UI' is set on object 'Object Repository/YourInformationPage/input_FirstName'

2020-12-18 02:48:43 - [MESSAGE][PASSED] - Text 'UI' is set on object 'Object Repository/YourInformationPage/input_FirstName'

2020-12-18 02:48:43 - [TEST_STEP][PASSED] - setText(findTestObject("YourInformationPage/input_LastName"), lastName): Text 'Tester2' is set on object 'Object Repository/YourInformationPage/input_LastName'

2020-12-18 02:48:44 - [MESSAGE][PASSED] - Text 'Tester2' is set on object 'Object Repository/YourInformationPage/input_LastName'

2020-12-18 02:48:44 - [TEST_STEP][PASSED] - setText(findTestObject("YourInformationPage/input_ZipCode"), zip): Text '99587' is set on object 'Object Repository/YourInformationPage/input_ZipCode'

2020-12-18 02:48:44 - [MESSAGE][PASSED] - Text '99587' is set on object 'Object Repository/YourInformationPage/input_ZipCode'

2020-12-18 02:48:44 - [TEST_STEP][PASSED] - click(findTestObject("YourInformationPage/button_Continue")): Object: 'Object Repository/YourInformationPage/button_Continue' is clicked on

2020-12-18 02:48:45 - [MESSAGE][PASSED] - Object: 'Object Repository/YourInformationPage/button_Continue' is clicked on

2020-12-18 02:48:45 - [TEST_STEP][PASSED] - paymentInfo = getText(findTestObject("CheckoutPage/text_PaymentInfo")): Text of object 'Object Repository/CheckoutPage/text_PaymentInfo' is: 'SauceCard #31337'

2020-12-18 02:48:45 - [MESSAGE][PASSED] - Text of object 'Object Repository/CheckoutPage/text_PaymentInfo' is: 'SauceCard #31337'

2020-12-18 02:48:45 - [TEST_STEP][PASSED] - shippingInfo = getText(findTestObject("CheckoutPage/text_ShippingInfo")): Text of object 'Object Repository/CheckoutPage/text_ShippingInfo' is: 'FREE PONY EXPRESS DELIVERY!'

2020-12-18 02:48:46 - [MESSAGE][PASSED] - Text of object 'Object Repository/CheckoutPage/text_ShippingInfo' is: 'FREE PONY EXPRESS DELIVERY!'

2020-12-18 02:48:46 - [TEST_STEP][PASSED] - itemTotal = getText(findTestObject("CheckoutPage/text_ItemTotal")): Text of object 'Object Repository/CheckoutPage/text_ItemTotal' is: 'Item total: $29.99'

2020-12-18 02:48:46 - [MESSAGE][PASSED] - Text of object 'Object Repository/CheckoutPage/text_ItemTotal' is: 'Item total: $29.99'

2020-12-18 02:48:46 - [TEST_STEP][PASSED] - tax = getText(findTestObject("CheckoutPage/text_Tax")): Text of object 'Object Repository/CheckoutPage/text_Tax' is: 'Tax: $2.40'

2020-12-18 02:48:46 - [MESSAGE][PASSED] - Text of object 'Object Repository/CheckoutPage/text_Tax' is: 'Tax: $2.40'

2020-12-18 02:48:46 - [TEST_STEP][PASSED] - total = getText(findTestObject("CheckoutPage/text_Total")): Text of object 'Object Repository/CheckoutPage/text_Total' is: 'Total: $32.39'

2020-12-18 02:48:47 - [MESSAGE][PASSED] - Text of object 'Object Repository/CheckoutPage/text_Total' is: 'Total: $32.39'

2020-12-18 02:48:47 - [TEST_STEP][PASSED] - click(findTestObject("CheckoutPage/button_Finish")): Object: 'Object Repository/CheckoutPage/button_Finish' is clicked on

2020-12-18 02:48:47 - [MESSAGE][PASSED] - Object: 'Object Repository/CheckoutPage/button_Finish' is clicked on

2020-12-18 02:48:47 - [TEST_STEP][PASSED] - click(findTestObject("FinishPage/text_ThankYouForYourOrder")): Object: 'Object Repository/FinishPage/text_ThankYouForYourOrder' is clicked on

2020-12-18 02:48:48 - [MESSAGE][PASSED] - Object: 'Object Repository/FinishPage/text_ThankYouForYourOrder' is clicked on

2020-12-18 02:48:48 - [TEST_STEP][PASSED] - today = new java.util.Date(): null

2020-12-18 02:48:48 - [TEST_STEP][PASSED] - todaysDate = today.format("yyyMMMdd"): null

2020-12-18 02:48:48 - [TEST_STEP][PASSED] - nowTime = today.format("HH:mms:s"): null

2020-12-18 02:48:48 - [TEST_STEP][PASSED] - output = new java.io.File(output.txt): null

2020-12-18 02:48:48 - [TEST_STEP][PASSED] - output.createNewFile(): null

2020-12-18 02:48:48 - [TEST_STEP][PASSED] - text = text + $testID;$firstName;$lastName;$zip;$paymentInfo;$shippingInfo;$itemTotal;$tax;$total;$todaysDate;$nowTime
: null

2020-12-18 02:48:48 - [TEST_STEP][PASSED] - closeBrowser(): Browser is closed

2020-12-18 02:48:48 - [MESSAGE][PASSED] - Browser is closed]]></system-out>
         <system-err><![CDATA[]]></system-err>
      </testcase>
      <testcase name="Test Cases/PlaceOrder_DifferentZipCode" time="50.137" classname="Test Cases/PlaceOrder_DifferentZipCode" status="FAILED">
         <failure type="FAILED" message="Test Cases/PlaceOrder_DifferentZipCode FAILED.
Reason:
com.kms.katalon.core.exception.StepFailedException: Unable to get text of object 'Object Repository/CheckoutPage/text_PaymentInfo'
	at com.kms.katalon.core.webui.keyword.internal.WebUIKeywordMain.stepFailed(WebUIKeywordMain.groovy:64)
	at com.kms.katalon.core.webui.keyword.internal.WebUIKeywordMain.runKeyword(WebUIKeywordMain.groovy:26)
	at com.kms.katalon.core.webui.keyword.builtin.GetTextKeyword.getText(GetTextKeyword.groovy:88)
	at com.kms.katalon.core.webui.keyword.builtin.GetTextKeyword.execute(GetTextKeyword.groovy:67)
	at com.kms.katalon.core.keyword.internal.KeywordExecutor.executeKeywordForPlatform(KeywordExecutor.groovy:73)
	at com.kms.katalon.core.webui.keyword.WebUiBuiltInKeywords.getText(WebUiBuiltInKeywords.groovy:915)
	at com.kms.katalon.core.webui.keyword.WebUiBuiltInKeywords$getText$6.call(Unknown Source)
	at PlaceOrder_DifferentZipCode.run(PlaceOrder_DifferentZipCode:43)
	at com.kms.katalon.core.main.ScriptEngine.run(ScriptEngine.java:194)
	at com.kms.katalon.core.main.ScriptEngine.runScriptAsRawText(ScriptEngine.java:119)
	at com.kms.katalon.core.main.TestCaseExecutor.runScript(TestCaseExecutor.java:393)
	at com.kms.katalon.core.main.TestCaseExecutor.doExecute(TestCaseExecutor.java:384)
	at com.kms.katalon.core.main.TestCaseExecutor.processExecutionPhase(TestCaseExecutor.java:363)
	at com.kms.katalon.core.main.TestCaseExecutor.accessMainPhase(TestCaseExecutor.java:355)
	at com.kms.katalon.core.main.TestCaseExecutor.execute(TestCaseExecutor.java:251)
	at com.kms.katalon.core.main.TestSuiteExecutor.accessTestCaseMainPhase(TestSuiteExecutor.java:203)
	at com.kms.katalon.core.main.TestSuiteExecutor.accessTestSuiteMainPhase(TestSuiteExecutor.java:152)
	at com.kms.katalon.core.main.TestSuiteExecutor.execute(TestSuiteExecutor.java:95)
	at com.kms.katalon.core.main.TestCaseMain.startTestSuite(TestCaseMain.java:157)
	at com.kms.katalon.core.main.TestCaseMain$startTestSuite$0.call(Unknown Source)
	at TempTestSuite1608281260976.run(TempTestSuite1608281260976.groovy:39)
Caused by: com.kms.katalon.core.webui.exception.WebElementNotFoundException: Web element with id: 'Object Repository/CheckoutPage/text_PaymentInfo' located by '//div[@id='checkout_summary_container']/div/div[2]/div[2]' not found
	at com.kms.katalon.core.webui.common.WebUiCommonHelper.findWebElement(WebUiCommonHelper.java:1369)
	at com.kms.katalon.core.webui.keyword.internal.WebUIAbstractKeyword.findWebElement(WebUIAbstractKeyword.groovy:27)
	at com.kms.katalon.core.webui.keyword.internal.WebUIAbstractKeyword.findWebElement(WebUIAbstractKeyword.groovy:26)
	at com.kms.katalon.core.webui.keyword.builtin.GetTextKeyword$_getText_closure1.doCall(GetTextKeyword.groovy:78)
	at com.kms.katalon.core.webui.keyword.builtin.GetTextKeyword$_getText_closure1.call(GetTextKeyword.groovy)
	at com.kms.katalon.core.webui.keyword.internal.WebUIKeywordMain.runKeyword(WebUIKeywordMain.groovy:20)
	... 19 more
"/>
         <system-out><![CDATA[2020-12-18 02:48:48 - [TEST_CASE][FAILED] - Test Cases/PlaceOrder_DifferentZipCode: Test Cases/PlaceOrder_DifferentZipCode FAILED.
Reason:
com.kms.katalon.core.exception.StepFailedException: Unable to get text of object 'Object Repository/CheckoutPage/text_PaymentInfo'
	at com.kms.katalon.core.webui.keyword.internal.WebUIKeywordMain.stepFailed(WebUIKeywordMain.groovy:64)
	at com.kms.katalon.core.webui.keyword.internal.WebUIKeywordMain.runKeyword(WebUIKeywordMain.groovy:26)
	at com.kms.katalon.core.webui.keyword.builtin.GetTextKeyword.getText(GetTextKeyword.groovy:88)
	at com.kms.katalon.core.webui.keyword.builtin.GetTextKeyword.execute(GetTextKeyword.groovy:67)
	at com.kms.katalon.core.keyword.internal.KeywordExecutor.executeKeywordForPlatform(KeywordExecutor.groovy:73)
	at com.kms.katalon.core.webui.keyword.WebUiBuiltInKeywords.getText(WebUiBuiltInKeywords.groovy:915)
	at com.kms.katalon.core.webui.keyword.WebUiBuiltInKeywords$getText$6.call(Unknown Source)
	at PlaceOrder_DifferentZipCode.run(PlaceOrder_DifferentZipCode:43)
	at com.kms.katalon.core.main.ScriptEngine.run(ScriptEngine.java:194)
	at com.kms.katalon.core.main.ScriptEngine.runScriptAsRawText(ScriptEngine.java:119)
	at com.kms.katalon.core.main.TestCaseExecutor.runScript(TestCaseExecutor.java:393)
	at com.kms.katalon.core.main.TestCaseExecutor.doExecute(TestCaseExecutor.java:384)
	at com.kms.katalon.core.main.TestCaseExecutor.processExecutionPhase(TestCaseExecutor.java:363)
	at com.kms.katalon.core.main.TestCaseExecutor.accessMainPhase(TestCaseExecutor.java:355)
	at com.kms.katalon.core.main.TestCaseExecutor.execute(TestCaseExecutor.java:251)
	at com.kms.katalon.core.main.TestSuiteExecutor.accessTestCaseMainPhase(TestSuiteExecutor.java:203)
	at com.kms.katalon.core.main.TestSuiteExecutor.accessTestSuiteMainPhase(TestSuiteExecutor.java:152)
	at com.kms.katalon.core.main.TestSuiteExecutor.execute(TestSuiteExecutor.java:95)
	at com.kms.katalon.core.main.TestCaseMain.startTestSuite(TestCaseMain.java:157)
	at com.kms.katalon.core.main.TestCaseMain$startTestSuite$0.call(Unknown Source)
	at TempTestSuite1608281260976.run(TempTestSuite1608281260976.groovy:39)
Caused by: com.kms.katalon.core.webui.exception.WebElementNotFoundException: Web element with id: 'Object Repository/CheckoutPage/text_PaymentInfo' located by '//div[@id='checkout_summary_container']/div/div[2]/div[2]' not found
	at com.kms.katalon.core.webui.common.WebUiCommonHelper.findWebElement(WebUiCommonHelper.java:1369)
	at com.kms.katalon.core.webui.keyword.internal.WebUIAbstractKeyword.findWebElement(WebUIAbstractKeyword.groovy:27)
	at com.kms.katalon.core.webui.keyword.internal.WebUIAbstractKeyword.findWebElement(WebUIAbstractKeyword.groovy:26)
	at com.kms.katalon.core.webui.keyword.builtin.GetTextKeyword$_getText_closure1.doCall(GetTextKeyword.groovy:78)
	at com.kms.katalon.core.webui.keyword.builtin.GetTextKeyword$_getText_closure1.call(GetTextKeyword.groovy)
	at com.kms.katalon.core.webui.keyword.internal.WebUIKeywordMain.runKeyword(WebUIKeywordMain.groovy:20)
	... 19 more


2020-12-18 02:48:48 - [TEST_STEP][PASSED] - openBrowser(""): Browser is opened with url: ''

2020-12-18 02:48:48 - [MESSAGE][INFO] - Starting 'Chrome' driver

2020-12-18 02:48:48 - [MESSAGE][INFO] - Action delay is set to 0 milliseconds

2020-12-18 02:48:52 - [MESSAGE][PASSED] - Browser is opened with url: ''

2020-12-18 02:48:52 - [TEST_STEP][PASSED] - navigateToUrl("https://www.saucedemo.com/"): Navigate to 'https://www.saucedemo.com/' successfully

2020-12-18 02:48:53 - [MESSAGE][PASSED] - Navigate to 'https://www.saucedemo.com/' successfully

2020-12-18 02:48:53 - [TEST_STEP][PASSED] - setText(findTestObject("LoginPage/input_UserName"), "standard_user"): Text 'standard_user' is set on object 'Object Repository/LoginPage/input_UserName'

2020-12-18 02:48:54 - [MESSAGE][PASSED] - Text 'standard_user' is set on object 'Object Repository/LoginPage/input_UserName'

2020-12-18 02:48:54 - [TEST_STEP][PASSED] - setEncryptedText(findTestObject("LoginPage/input_Password"), "qcu24s4901FyWDTwXGr6XA=="): Text ****** has been set on object 'Object Repository/LoginPage/input_Password'

2020-12-18 02:48:54 - [MESSAGE][PASSED] - Text ****** has been set on object 'Object Repository/LoginPage/input_Password'

2020-12-18 02:48:54 - [TEST_STEP][PASSED] - click(findTestObject("LoginPage/button_Login")): Object: 'Object Repository/LoginPage/button_Login' is clicked on

2020-12-18 02:48:55 - [MESSAGE][PASSED] - Object: 'Object Repository/LoginPage/button_Login' is clicked on

2020-12-18 02:48:55 - [TEST_STEP][PASSED] - click(findTestObject("ProductCatalogPage/button_AddToOrder_SauceabsBackpack")): Object: 'Object Repository/ProductCatalogPage/button_AddToOrder_SauceabsBackpack' is clicked on

2020-12-18 02:48:56 - [MESSAGE][PASSED] - Object: 'Object Repository/ProductCatalogPage/button_AddToOrder_SauceabsBackpack' is clicked on

2020-12-18 02:48:56 - [TEST_STEP][PASSED] - click(findTestObject("ProductCatalogPage/link_GoToCart")): Object: 'Object Repository/ProductCatalogPage/link_GoToCart' is clicked on

2020-12-18 02:48:59 - [MESSAGE][PASSED] - Object: 'Object Repository/ProductCatalogPage/link_GoToCart' is clicked on

2020-12-18 02:48:59 - [TEST_STEP][PASSED] - click(findTestObject("YourCartPage/button_CheckOut")): Object: 'Object Repository/YourCartPage/button_CheckOut' is clicked on

2020-12-18 02:48:59 - [MESSAGE][PASSED] - Object: 'Object Repository/YourCartPage/button_CheckOut' is clicked on

2020-12-18 02:48:59 - [TEST_STEP][PASSED] - setText(findTestObject("YourInformationPage/input_FirstName"), firstName): Text 'UI' is set on object 'Object Repository/YourInformationPage/input_FirstName'

2020-12-18 02:49:00 - [MESSAGE][PASSED] - Text 'UI' is set on object 'Object Repository/YourInformationPage/input_FirstName'

2020-12-18 02:49:00 - [TEST_STEP][PASSED] - setText(findTestObject("YourInformationPage/input_LastName"), lastName): Text 'Tester' is set on object 'Object Repository/YourInformationPage/input_LastName'

2020-12-18 02:49:01 - [MESSAGE][PASSED] - Text 'Tester' is set on object 'Object Repository/YourInformationPage/input_LastName'

2020-12-18 02:49:01 - [TEST_STEP][PASSED] - setText(findTestObject("YourInformationPage/input_ZipCode"), zip): Text '' is set on object 'Object Repository/YourInformationPage/input_ZipCode'

2020-12-18 02:49:01 - [MESSAGE][PASSED] - Text '' is set on object 'Object Repository/YourInformationPage/input_ZipCode'

2020-12-18 02:49:01 - [TEST_STEP][PASSED] - click(findTestObject("YourInformationPage/button_Continue")): Object: 'Object Repository/YourInformationPage/button_Continue' is clicked on

2020-12-18 02:49:02 - [MESSAGE][PASSED] - Object: 'Object Repository/YourInformationPage/button_Continue' is clicked on

2020-12-18 02:49:02 - [TEST_STEP][FAILED] - paymentInfo = getText(findTestObject("CheckoutPage/text_PaymentInfo")): Unable to get text of object 'Object Repository/CheckoutPage/text_PaymentInfo' (Root cause: com.kms.katalon.core.exception.StepFailedException: Unable to get text of object 'Object Repository/CheckoutPage/text_PaymentInfo'
	at com.kms.katalon.core.webui.keyword.internal.WebUIKeywordMain.stepFailed(WebUIKeywordMain.groovy:64)
	at com.kms.katalon.core.webui.keyword.internal.WebUIKeywordMain.runKeyword(WebUIKeywordMain.groovy:26)
	at com.kms.katalon.core.webui.keyword.builtin.GetTextKeyword.getText(GetTextKeyword.groovy:88)
	at com.kms.katalon.core.webui.keyword.builtin.GetTextKeyword.execute(GetTextKeyword.groovy:67)
	at com.kms.katalon.core.keyword.internal.KeywordExecutor.executeKeywordForPlatform(KeywordExecutor.groovy:73)
	at com.kms.katalon.core.webui.keyword.WebUiBuiltInKeywords.getText(WebUiBuiltInKeywords.groovy:915)
	at com.kms.katalon.core.webui.keyword.WebUiBuiltInKeywords$getText$6.call(Unknown Source)
	at PlaceOrder_DifferentZipCode.run(PlaceOrder_DifferentZipCode:43)
	at com.kms.katalon.core.main.ScriptEngine.run(ScriptEngine.java:194)
	at com.kms.katalon.core.main.ScriptEngine.runScriptAsRawText(ScriptEngine.java:119)
	at com.kms.katalon.core.main.TestCaseExecutor.runScript(TestCaseExecutor.java:393)
	at com.kms.katalon.core.main.TestCaseExecutor.doExecute(TestCaseExecutor.java:384)
	at com.kms.katalon.core.main.TestCaseExecutor.processExecutionPhase(TestCaseExecutor.java:363)
	at com.kms.katalon.core.main.TestCaseExecutor.accessMainPhase(TestCaseExecutor.java:355)
	at com.kms.katalon.core.main.TestCaseExecutor.execute(TestCaseExecutor.java:251)
	at com.kms.katalon.core.main.TestSuiteExecutor.accessTestCaseMainPhase(TestSuiteExecutor.java:203)
	at com.kms.katalon.core.main.TestSuiteExecutor.accessTestSuiteMainPhase(TestSuiteExecutor.java:152)
	at com.kms.katalon.core.main.TestSuiteExecutor.execute(TestSuiteExecutor.java:95)
	at com.kms.katalon.core.main.TestCaseMain.startTestSuite(TestCaseMain.java:157)
	at com.kms.katalon.core.main.TestCaseMain$startTestSuite$0.call(Unknown Source)
	at TempTestSuite1608281260976.run(TempTestSuite1608281260976.groovy:39)
Caused by: com.kms.katalon.core.webui.exception.WebElementNotFoundException: Web element with id: 'Object Repository/CheckoutPage/text_PaymentInfo' located by '//div[@id='checkout_summary_container']/div/div[2]/div[2]' not found
	at com.kms.katalon.core.webui.common.WebUiCommonHelper.findWebElement(WebUiCommonHelper.java:1369)
	at com.kms.katalon.core.webui.keyword.internal.WebUIAbstractKeyword.findWebElement(WebUIAbstractKeyword.groovy:27)
	at com.kms.katalon.core.webui.keyword.internal.WebUIAbstractKeyword.findWebElement(WebUIAbstractKeyword.groovy:26)
	at com.kms.katalon.core.webui.keyword.builtin.GetTextKeyword$_getText_closure1.doCall(GetTextKeyword.groovy:78)
	at com.kms.katalon.core.webui.keyword.builtin.GetTextKeyword$_getText_closure1.call(GetTextKeyword.groovy)
	at com.kms.katalon.core.webui.keyword.internal.WebUIKeywordMain.runKeyword(WebUIKeywordMain.groovy:20)
	at com.kms.katalon.core.webui.keyword.builtin.GetTextKeyword.getText(GetTextKeyword.groovy:88)
	at com.kms.katalon.core.webui.keyword.builtin.GetTextKeyword.execute(GetTextKeyword.groovy:67)
	at com.kms.katalon.core.keyword.internal.KeywordExecutor.executeKeywordForPlatform(KeywordExecutor.groovy:73)
	at com.kms.katalon.core.webui.keyword.WebUiBuiltInKeywords.getText(WebUiBuiltInKeywords.groovy:915)
	at com.kms.katalon.core.webui.keyword.WebUiBuiltInKeywords$getText$6.call(Unknown Source)
	at Script1608273266386.run(Script1608273266386.groovy:43)
	... 13 more
)

2020-12-18 02:49:33 - [MESSAGE][INFO] - Unable to find the element located by 'By.xpath: //div[@id='checkout_summary_container']/div/div[2]/div[2]'. Please recheck the objects properties to make sure the desired element is located. 

2020-12-18 02:49:33 - [MESSAGE][FAILED] - Unable to get text of object 'Object Repository/CheckoutPage/text_PaymentInfo' (Root cause: com.kms.katalon.core.exception.StepFailedException: Unable to get text of object 'Object Repository/CheckoutPage/text_PaymentInfo'
	at com.kms.katalon.core.webui.keyword.internal.WebUIKeywordMain.stepFailed(WebUIKeywordMain.groovy:64)
	at com.kms.katalon.core.webui.keyword.internal.WebUIKeywordMain.runKeyword(WebUIKeywordMain.groovy:26)
	at com.kms.katalon.core.webui.keyword.builtin.GetTextKeyword.getText(GetTextKeyword.groovy:88)
	at com.kms.katalon.core.webui.keyword.builtin.GetTextKeyword.execute(GetTextKeyword.groovy:67)
	at com.kms.katalon.core.keyword.internal.KeywordExecutor.executeKeywordForPlatform(KeywordExecutor.groovy:73)
	at com.kms.katalon.core.webui.keyword.WebUiBuiltInKeywords.getText(WebUiBuiltInKeywords.groovy:915)
	at com.kms.katalon.core.webui.keyword.WebUiBuiltInKeywords$getText$6.call(Unknown Source)
	at PlaceOrder_DifferentZipCode.run(PlaceOrder_DifferentZipCode:43)
	at com.kms.katalon.core.main.ScriptEngine.run(ScriptEngine.java:194)
	at com.kms.katalon.core.main.ScriptEngine.runScriptAsRawText(ScriptEngine.java:119)
	at com.kms.katalon.core.main.TestCaseExecutor.runScript(TestCaseExecutor.java:393)
	at com.kms.katalon.core.main.TestCaseExecutor.doExecute(TestCaseExecutor.java:384)
	at com.kms.katalon.core.main.TestCaseExecutor.processExecutionPhase(TestCaseExecutor.java:363)
	at com.kms.katalon.core.main.TestCaseExecutor.accessMainPhase(TestCaseExecutor.java:355)
	at com.kms.katalon.core.main.TestCaseExecutor.execute(TestCaseExecutor.java:251)
	at com.kms.katalon.core.main.TestSuiteExecutor.accessTestCaseMainPhase(TestSuiteExecutor.java:203)
	at com.kms.katalon.core.main.TestSuiteExecutor.accessTestSuiteMainPhase(TestSuiteExecutor.java:152)
	at com.kms.katalon.core.main.TestSuiteExecutor.execute(TestSuiteExecutor.java:95)
	at com.kms.katalon.core.main.TestCaseMain.startTestSuite(TestCaseMain.java:157)
	at com.kms.katalon.core.main.TestCaseMain$startTestSuite$0.call(Unknown Source)
	at TempTestSuite1608281260976.run(TempTestSuite1608281260976.groovy:39)
Caused by: com.kms.katalon.core.webui.exception.WebElementNotFoundException: Web element with id: 'Object Repository/CheckoutPage/text_PaymentInfo' located by '//div[@id='checkout_summary_container']/div/div[2]/div[2]' not found
	at com.kms.katalon.core.webui.common.WebUiCommonHelper.findWebElement(WebUiCommonHelper.java:1369)
	at com.kms.katalon.core.webui.keyword.internal.WebUIAbstractKeyword.findWebElement(WebUIAbstractKeyword.groovy:27)
	at com.kms.katalon.core.webui.keyword.internal.WebUIAbstractKeyword.findWebElement(WebUIAbstractKeyword.groovy:26)
	at com.kms.katalon.core.webui.keyword.builtin.GetTextKeyword$_getText_closure1.doCall(GetTextKeyword.groovy:78)
	at com.kms.katalon.core.webui.keyword.builtin.GetTextKeyword$_getText_closure1.call(GetTextKeyword.groovy)
	at com.kms.katalon.core.webui.keyword.internal.WebUIKeywordMain.runKeyword(WebUIKeywordMain.groovy:20)
	at com.kms.katalon.core.webui.keyword.builtin.GetTextKeyword.getText(GetTextKeyword.groovy:88)
	at com.kms.katalon.core.webui.keyword.builtin.GetTextKeyword.execute(GetTextKeyword.groovy:67)
	at com.kms.katalon.core.keyword.internal.KeywordExecutor.executeKeywordForPlatform(KeywordExecutor.groovy:73)
	at com.kms.katalon.core.webui.keyword.WebUiBuiltInKeywords.getText(WebUiBuiltInKeywords.groovy:915)
	at com.kms.katalon.core.webui.keyword.WebUiBuiltInKeywords$getText$6.call(Unknown Source)
	at Script1608273266386.run(Script1608273266386.groovy:43)
	... 13 more
)
[[ATTACHMENT|C:\\Users\\young\\Desktop\\Master of Software Engineering\\SEIS635_SoftwareAnalysisandDesign\\KatalonStudio_Project\\Google_CreateNewAccount\\Reports\\20201218_024739\\Demo\\20201218_024740\\1608281373547.png]]]]></system-out>
         <system-err><![CDATA[2020-12-18 02:48:48 - [TEST_CASE][FAILED] - Test Cases/PlaceOrder_DifferentZipCode: Test Cases/PlaceOrder_DifferentZipCode FAILED.
Reason:
com.kms.katalon.core.exception.StepFailedException: Unable to get text of object 'Object Repository/CheckoutPage/text_PaymentInfo'
	at com.kms.katalon.core.webui.keyword.internal.WebUIKeywordMain.stepFailed(WebUIKeywordMain.groovy:64)
	at com.kms.katalon.core.webui.keyword.internal.WebUIKeywordMain.runKeyword(WebUIKeywordMain.groovy:26)
	at com.kms.katalon.core.webui.keyword.builtin.GetTextKeyword.getText(GetTextKeyword.groovy:88)
	at com.kms.katalon.core.webui.keyword.builtin.GetTextKeyword.execute(GetTextKeyword.groovy:67)
	at com.kms.katalon.core.keyword.internal.KeywordExecutor.executeKeywordForPlatform(KeywordExecutor.groovy:73)
	at com.kms.katalon.core.webui.keyword.WebUiBuiltInKeywords.getText(WebUiBuiltInKeywords.groovy:915)
	at com.kms.katalon.core.webui.keyword.WebUiBuiltInKeywords$getText$6.call(Unknown Source)
	at PlaceOrder_DifferentZipCode.run(PlaceOrder_DifferentZipCode:43)
	at com.kms.katalon.core.main.ScriptEngine.run(ScriptEngine.java:194)
	at com.kms.katalon.core.main.ScriptEngine.runScriptAsRawText(ScriptEngine.java:119)
	at com.kms.katalon.core.main.TestCaseExecutor.runScript(TestCaseExecutor.java:393)
	at com.kms.katalon.core.main.TestCaseExecutor.doExecute(TestCaseExecutor.java:384)
	at com.kms.katalon.core.main.TestCaseExecutor.processExecutionPhase(TestCaseExecutor.java:363)
	at com.kms.katalon.core.main.TestCaseExecutor.accessMainPhase(TestCaseExecutor.java:355)
	at com.kms.katalon.core.main.TestCaseExecutor.execute(TestCaseExecutor.java:251)
	at com.kms.katalon.core.main.TestSuiteExecutor.accessTestCaseMainPhase(TestSuiteExecutor.java:203)
	at com.kms.katalon.core.main.TestSuiteExecutor.accessTestSuiteMainPhase(TestSuiteExecutor.java:152)
	at com.kms.katalon.core.main.TestSuiteExecutor.execute(TestSuiteExecutor.java:95)
	at com.kms.katalon.core.main.TestCaseMain.startTestSuite(TestCaseMain.java:157)
	at com.kms.katalon.core.main.TestCaseMain$startTestSuite$0.call(Unknown Source)
	at TempTestSuite1608281260976.run(TempTestSuite1608281260976.groovy:39)
Caused by: com.kms.katalon.core.webui.exception.WebElementNotFoundException: Web element with id: 'Object Repository/CheckoutPage/text_PaymentInfo' located by '//div[@id='checkout_summary_container']/div/div[2]/div[2]' not found
	at com.kms.katalon.core.webui.common.WebUiCommonHelper.findWebElement(WebUiCommonHelper.java:1369)
	at com.kms.katalon.core.webui.keyword.internal.WebUIAbstractKeyword.findWebElement(WebUIAbstractKeyword.groovy:27)
	at com.kms.katalon.core.webui.keyword.internal.WebUIAbstractKeyword.findWebElement(WebUIAbstractKeyword.groovy:26)
	at com.kms.katalon.core.webui.keyword.builtin.GetTextKeyword$_getText_closure1.doCall(GetTextKeyword.groovy:78)
	at com.kms.katalon.core.webui.keyword.builtin.GetTextKeyword$_getText_closure1.call(GetTextKeyword.groovy)
	at com.kms.katalon.core.webui.keyword.internal.WebUIKeywordMain.runKeyword(WebUIKeywordMain.groovy:20)
	... 19 more]]></system-err>
      </testcase>
      <system-out><![CDATA[2020-12-18 02:47:45 - [TEST_SUITE][INCOMPLETE] - Demo: null]]></system-out>
      <system-err><![CDATA[2020-12-18 02:47:45 - [TEST_SUITE][INCOMPLETE] - Demo: null]]></system-err>
   </testsuite>
</testsuites>
